#
# There is insufficient memory for the Java Runtime Environment to continue.
# Native memory allocation (malloc) failed to allocate 161744 bytes for Chunk::new
# Possible reasons:
#   The system is out of physical RAM or swap space
#   The process is running with CompressedOops enabled, and the Java Heap may be blocking the growth of the native heap
# Possible solutions:
#   Reduce memory load on the system
#   Increase physical memory or swap space
#   Check if swap backing store is full
#   Decrease Java heap size (-Xmx/-Xms)
#   Decrease number of Java threads
#   Decrease Java thread stack sizes (-Xss)
#   Set larger code cache with -XX:ReservedCodeCacheSize=
#   JVM is running with Unscaled Compressed Oops mode in which the Java heap is
#     placed in the first 4GB address space. The Java Heap base address is the
#     maximum limit for the native heap growth. Please use -XX:HeapBaseMinAddress
#     to set the Java Heap base and to place the Java Heap above 4GB virtual address.
# This output file may be truncated or incomplete.
#
#  Out of Memory Error (allocation.cpp:389), pid=4264, tid=0x00000000000007cc
#
# JRE version: OpenJDK Runtime Environment (8.0_242-b01) (build 1.8.0_242-release-1644-b01)
# Java VM: OpenJDK 64-Bit Server VM (25.242-b01 mixed mode windows-amd64 compressed oops)
# Failed to write core dump. Minidumps are not enabled by default on client versions of Windows
#

---------------  T H R E A D  ---------------

Current thread (0x0000000016a05800):  JavaThread "C2 CompilerThread0" daemon [_thread_in_native, id=1996, stack(0x0000000018060000,0x0000000018160000)]

Stack: [0x0000000018060000,0x0000000018160000]
[error occurred during error reporting (printing stack bounds), id 0xc0000005]

Native frames: (J=compiled Java code, j=interpreted, Vv=VM code, C=native code)


Current CompileTask:
C2:3007568 25465 %     4       com.google.common.collect.SparseImmutableTable::<init> @ 71 (468 bytes)


---------------  P R O C E S S  ---------------

Java Threads: ( => current thread )
  0x000000001e6b7000 JavaThread "WorkerExecutor Queue Thread 5" [_thread_blocked, id=8796, stack(0x00000000314b0000,0x00000000315b0000)]
  0x000000001e6b7800 JavaThread "stdout" [_thread_in_native, id=4400, stack(0x0000000028e10000,0x0000000028f10000)]
  0x000000001e6af800 JavaThread "stderr" [_thread_in_native, id=8968, stack(0x00000000287e0000,0x00000000288e0000)]
  0x000000001e6b5800 JavaThread "stdout" [_thread_in_native, id=6160, stack(0x00000000286e0000,0x00000000287e0000)]
  0x000000001e6ad000 JavaThread "stderr" [_thread_in_native, id=872, stack(0x0000000027ee0000,0x0000000027fe0000)]
  0x000000001e6ab800 JavaThread "stdout" [_thread_in_native, id=3964, stack(0x0000000027de0000,0x0000000027ee0000)]
  0x000000001e6b1800 JavaThread "stderr" [_thread_in_native, id=5296, stack(0x00000000284e0000,0x00000000285e0000)]
  0x0000000029acf000 JavaThread "stdout" [_thread_in_native, id=9388, stack(0x00000000281e0000,0x00000000282e0000)]
  0x0000000029ace800 JavaThread "stderr" [_thread_in_native, id=3208, stack(0x00000000280e0000,0x00000000281e0000)]
  0x0000000029ad0000 JavaThread "pool-25-thread-1" [_thread_blocked, id=5548, stack(0x0000000027ce0000,0x0000000027de0000)]
  0x0000000029ac7000 JavaThread "WorkerExecutor Queue Thread 3" [_thread_blocked, id=7904, stack(0x0000000027ae0000,0x0000000027be0000)]
  0x0000000029acc000 JavaThread "Cache worker for execution history cache (C:\Users\User\Downloads\MessengerApp\.gradle\5.6.4\executionHistory)" [_thread_blocked, id=1032, stack(0x0000000027580000,0x0000000027680000)]
  0x0000000029ac8800 JavaThread "Execution worker for ':' Thread 3" [_thread_blocked, id=4964, stack(0x0000000027480000,0x0000000027580000)]
  0x0000000029ac7800 JavaThread "Execution worker for ':' Thread 2" [_thread_blocked, id=9204, stack(0x0000000024b90000,0x0000000024c90000)]
  0x00000000212fb000 JavaThread "Execution worker for ':'" [_thread_blocked, id=3872, stack(0x0000000023df0000,0x0000000023ef0000)]
  0x00000000212fa000 JavaThread "Cache worker for file content cache (C:\Users\User\Downloads\MessengerApp\.gradle\5.6.4\fileContent)" [_thread_blocked, id=7972, stack(0x0000000023ab0000,0x0000000023bb0000)]
  0x00000000212f9800 JavaThread "Cache worker for Build Output Cleanup Cache (C:\Users\User\Downloads\MessengerApp\.gradle\buildOutputCleanup)" [_thread_blocked, id=4256, stack(0x00000000223b0000,0x00000000224b0000)]
  0x00000000212f6800 JavaThread "Build operations Thread 4" [_thread_blocked, id=9560, stack(0x00000000222b0000,0x00000000223b0000)]
  0x00000000212f8800 JavaThread "Build operations Thread 3" [_thread_blocked, id=7220, stack(0x00000000221b0000,0x00000000222b0000)]
  0x00000000212ee000 JavaThread "Build operations Thread 2" [_thread_blocked, id=8524, stack(0x00000000220b0000,0x00000000221b0000)]
  0x00000000212ed800 JavaThread "Build operations" [_thread_blocked, id=4588, stack(0x00000000204e0000,0x00000000205e0000)]
  0x00000000212f4000 JavaThread "Cache worker for cache directory md-rule (C:\Users\User\.gradle\caches\5.6.4\md-rule)" [_thread_blocked, id=1588, stack(0x00000000203e0000,0x00000000204e0000)]
  0x00000000212f2000 JavaThread "Cache worker for cache directory md-supplier (C:\Users\User\.gradle\caches\5.6.4\md-supplier)" [_thread_blocked, id=5704, stack(0x000000001da60000,0x000000001db60000)]
  0x00000000212ec800 JavaThread "Cache worker for file hash cache (C:\Users\User\Downloads\MessengerApp\.gradle\5.6.4\fileHashes)" [_thread_blocked, id=1888, stack(0x000000001c290000,0x000000001c390000)]
  0x00000000212f1000 JavaThread "Thread-91" [_thread_blocked, id=10204, stack(0x000000001c190000,0x000000001c290000)]
  0x00000000212f0800 JavaThread "Stdin handler" [_thread_blocked, id=952, stack(0x000000001c090000,0x000000001c190000)]
  0x00000000212f3800 JavaThread "Asynchronous log dispatcher for DefaultDaemonConnection: socket connection from /127.0.0.1:61271 to /127.0.0.1:61810" [_thread_blocked, id=4284, stack(0x000000001bf90000,0x000000001c090000)]
  0x00000000212ef800 JavaThread "Cancel handler" [_thread_blocked, id=5924, stack(0x000000001bb90000,0x000000001bc90000)]
  0x00000000212f2800 JavaThread "Handler for socket connection from /127.0.0.1:61271 to /127.0.0.1:61810" [_thread_in_native, id=616, stack(0x000000001ba90000,0x000000001bb90000)]
  0x000000001e6b6000 JavaThread "Cache worker for Java compile cache (C:\Users\User\.gradle\caches\5.6.4\javaCompile)" [_thread_blocked, id=6716, stack(0x00000000315b0000,0x00000000316b0000)]
  0x000000001e6ac800 JavaThread "RMI Reaper" [_thread_blocked, id=7832, stack(0x00000000313b0000,0x00000000314b0000)]
  0x000000001e6ae800 JavaThread "RMI TCP Accept-0" daemon [_thread_in_native, id=3400, stack(0x00000000312b0000,0x00000000313b0000)]
  0x000000001e6b3000 JavaThread "GC Daemon" daemon [_thread_blocked, id=7480, stack(0x0000000030f30000,0x0000000031030000)]
  0x000000001e6b2800 JavaThread "RMI Scheduler(0)" daemon [_thread_blocked, id=3536, stack(0x00000000285e0000,0x00000000286e0000)]
  0x000000001e6b1000 JavaThread "MarlinRenderer Disposer" daemon [_thread_blocked, id=1204, stack(0x0000000028f40000,0x0000000029040000)]
  0x000000001e6ae000 JavaThread "Java2D Disposer" daemon [_thread_blocked, id=816, stack(0x0000000028ae0000,0x0000000028be0000)]
  0x00000000212ec000 JavaThread "Cache worker for file content cache (C:\Users\User\.gradle\caches\5.6.4\fileContent)" [_thread_blocked, id=8656, stack(0x0000000022ab0000,0x0000000022bb0000)]
  0x000000001d1ac000 JavaThread "Daemon worker Thread 2" [_thread_in_vm, id=3652, stack(0x000000001be90000,0x000000001bf90000)]
  0x000000001d1b1800 JavaThread "Daemon Thread 2" [_thread_blocked, id=3696, stack(0x00000000011b0000,0x00000000012b0000)]
  0x000000001d1b2000 JavaThread "Memory manager" [_thread_blocked, id=9868, stack(0x00000000237b0000,0x00000000238b0000)]
  0x000000001d1b0000 JavaThread "Cache worker for execution history cache (C:\Users\User\.gradle\caches\5.6.4\executionHistory)" [_thread_blocked, id=6008, stack(0x00000000205e0000,0x00000000206e0000)]
  0x0000000019d13800 JavaThread "Cache worker for journal cache (C:\Users\User\.gradle\caches\journal-1)" [_thread_blocked, id=7120, stack(0x000000001c790000,0x000000001c890000)]
  0x0000000019d10000 JavaThread "File lock request listener" [_thread_in_native, id=9488, stack(0x000000001c690000,0x000000001c790000)]
  0x0000000019d16000 JavaThread "Cache worker for file hash cache (C:\Users\User\.gradle\caches\5.6.4\fileHashes)" [_thread_blocked, id=7352, stack(0x000000001c590000,0x000000001c690000)]
  0x000000001a231000 JavaThread "Daemon periodic checks" [_thread_blocked, id=4408, stack(0x000000001b990000,0x000000001ba90000)]
  0x000000001855f800 JavaThread "Incoming local TCP Connector on port 61271" [_thread_in_native, id=8548, stack(0x000000001b740000,0x000000001b840000)]
  0x0000000018326000 JavaThread "Daemon health stats" [_thread_blocked, id=1280, stack(0x000000001b100000,0x000000001b200000)]
  0x000000001828a000 JavaThread "Service Thread" daemon [_thread_blocked, id=304, stack(0x0000000018760000,0x0000000018860000)]
  0x0000000018268800 JavaThread "C1 CompilerThread2" daemon [_thread_in_vm, id=9512, stack(0x0000000018660000,0x0000000018760000)]
  0x0000000016a54000 JavaThread "C2 CompilerThread1" daemon [_thread_in_vm, id=3172, stack(0x0000000018160000,0x0000000018260000)]
=>0x0000000016a05800 JavaThread "C2 CompilerThread0" daemon [_thread_in_native, id=1996, stack(0x0000000018060000,0x0000000018160000)]
  0x0000000016a05000 JavaThread "Attach Listener" daemon [_thread_blocked, id=6928, stack(0x0000000017f60000,0x0000000018060000)]
  0x0000000016a03000 JavaThread "Signal Dispatcher" daemon [_thread_blocked, id=9184, stack(0x0000000017e60000,0x0000000017f60000)]
  0x000000000308c000 JavaThread "Finalizer" daemon [_thread_blocked, id=3844, stack(0x0000000017c50000,0x0000000017d50000)]
  0x0000000003083000 JavaThread "Reference Handler" daemon [_thread_blocked, id=2332, stack(0x0000000017b50000,0x0000000017c50000)]
  0x0000000002f8d800 JavaThread "main" [_thread_blocked, id=2868, stack(0x0000000002dc0000,0x0000000002ec0000)]

Other Threads:
  0x00000000169c5800 VMThread [stack: 0x0000000017a50000,0x0000000017b50000] [id=1592]
  0x000000001828b000 WatcherThread [stack: 0x0000000018860000,0x0000000018960000] [id=1192]

VM state:not at safepoint (normal execution)

VM Mutex/Monitor currently owned by a thread: None

OutOfMemory and StackOverflow Exception counts:
OutOfMemoryError java_heap_errors=1

heap address: 0x00000000a0000000, size: 1536 MB, Compressed Oops mode: 32-bit
Narrow klass base: 0x0000000000000000, Narrow klass shift: 3
Compressed class space size: 1073741824 Address: 0x0000000100000000

Heap:
 PSYoungGen      total 472576K, used 205874K [0x00000000e0000000, 0x0000000100000000, 0x0000000100000000)
  eden space 438272K, 39% used [0x00000000e0000000,0x00000000ea792b40,0x00000000fac00000)
  from space 34304K, 99% used [0x00000000fdd80000,0x00000000ffef9e58,0x00000000fff00000)
  to   space 43008K, 0% used [0x00000000fac00000,0x00000000fac00000,0x00000000fd600000)
 ParOldGen       total 314880K, used 142495K [0x00000000a0000000, 0x00000000b3380000, 0x00000000e0000000)
  object space 314880K, 45% used [0x00000000a0000000,0x00000000a8b27e90,0x00000000b3380000)
 Metaspace       used 112565K, capacity 116818K, committed 117120K, reserved 1150976K
  class space    used 14278K, capacity 15145K, committed 15232K, reserved 1048576K

Card table byte_map: [0x0000000012450000,0x0000000012760000] byte_map_base: 0x0000000011f50000

Marking Bits: (ParMarkBitMap*) 0x0000000063bcf030
 Begin Bits: [0x0000000012d60000, 0x0000000014560000)
 End Bits:   [0x0000000014560000, 0x0000000015d60000)

Polling page: 0x0000000000fd0000

CodeCache: size=245760Kb used=73279Kb max_used=73482Kb free=172480Kb
 bounds [0x0000000003090000, 0x00000000078b0000, 0x0000000012090000]
 total_blobs=20835 nmethods=19760 adapters=984
 compilation: enabled

Compilation events (10 events):
Event: 3007.357 Thread 0x0000000016a54000 25487 %     4       com.google.common.collect.RegularImmutableTable::forCellsInternal @ 31 (139 bytes)
Event: 3007.428 Thread 0x0000000016a54000 nmethod 25487% 0x00000000078a4d50 code [0x00000000078a5120, 0x00000000078a7790]
Event: 3007.429 Thread 0x0000000016a54000 25500       4       java.util.TimSort::mergeLo (659 bytes)
Event: 3007.435 Thread 0x0000000018268800 25502       3       com.google.common.collect.SingletonImmutableBiMap::get (20 bytes)
Event: 3007.436 Thread 0x0000000018268800 nmethod 25502 0x000000000320f9d0 code [0x000000000320fb40, 0x000000000320fdc8]
Event: 3007.453 Thread 0x0000000018268800 25503       3       com.google.common.collect.SingletonImmutableSet::copyIntoArray (11 bytes)
Event: 3007.454 Thread 0x0000000018268800 nmethod 25503 0x0000000004f930d0 code [0x0000000004f93240, 0x0000000004f934f0]
Event: 3007.475 Thread 0x0000000016a54000 nmethod 25500 0x00000000078a2310 code [0x00000000078a24c0, 0x00000000078a3f58]
Event: 3007.476 Thread 0x0000000016a54000 25501       4       java.util.TimSort::mergeHi (732 bytes)
Event: 3007.507 Thread 0x0000000016a54000 nmethod 25501 0x000000000789fa10 code [0x000000000789fbc0, 0x00000000078a14d8]

GC Heap History (10 events):
Event: 2908.087 GC heap before
{Heap before GC invocations=55 (full 4):
 PSYoungGen      total 482816K, used 452704K [0x00000000e0000000, 0x00000000ffd00000, 0x0000000100000000)
  eden space 447488K, 100% used [0x00000000e0000000,0x00000000fb500000,0x00000000fb500000)
  from space 35328K, 14% used [0x00000000fda80000,0x00000000fdf98000,0x00000000ffd00000)
  to   space 36864K, 0% used [0x00000000fb500000,0x00000000fb500000,0x00000000fd900000)
 ParOldGen       total 224256K, used 196019K [0x00000000a0000000, 0x00000000adb00000, 0x00000000e0000000)
  object space 224256K, 87% used [0x00000000a0000000,0x00000000abf6cf58,0x00000000adb00000)
 Metaspace       used 110966K, capacity 115294K, committed 115712K, reserved 1150976K
  class space    used 14161K, capacity 15016K, committed 15104K, reserved 1048576K
Event: 2908.123 GC heap after
Heap after GC invocations=55 (full 4):
 PSYoungGen      total 484352K, used 6784K [0x00000000e0000000, 0x00000000fff80000, 0x0000000100000000)
  eden space 447488K, 0% used [0x00000000e0000000,0x00000000e0000000,0x00000000fb500000)
  from space 36864K, 18% used [0x00000000fb500000,0x00000000fbba0010,0x00000000fd900000)
  to   space 35840K, 0% used [0x00000000fdc80000,0x00000000fdc80000,0x00000000fff80000)
 ParOldGen       total 224256K, used 199171K [0x00000000a0000000, 0x00000000adb00000, 0x00000000e0000000)
  object space 224256K, 88% used [0x00000000a0000000,0x00000000ac280e70,0x00000000adb00000)
 Metaspace       used 110966K, capacity 115294K, committed 115712K, reserved 1150976K
  class space    used 14161K, capacity 15016K, committed 15104K, reserved 1048576K
}
Event: 2909.102 GC heap before
{Heap before GC invocations=56 (full 4):
 PSYoungGen      total 484352K, used 454272K [0x00000000e0000000, 0x00000000fff80000, 0x0000000100000000)
  eden space 447488K, 100% used [0x00000000e0000000,0x00000000fb500000,0x00000000fb500000)
  from space 36864K, 18% used [0x00000000fb500000,0x00000000fbba0010,0x00000000fd900000)
  to   space 35840K, 0% used [0x00000000fdc80000,0x00000000fdc80000,0x00000000fff80000)
 ParOldGen       total 224256K, used 199171K [0x00000000a0000000, 0x00000000adb00000, 0x00000000e0000000)
  object space 224256K, 88% used [0x00000000a0000000,0x00000000ac280e70,0x00000000adb00000)
 Metaspace       used 110974K, capacity 115294K, committed 115712K, reserved 1150976K
  class space    used 14161K, capacity 15016K, committed 15104K, reserved 1048576K
Event: 2909.132 GC heap after
Heap after GC invocations=56 (full 4):
 PSYoungGen      total 485888K, used 5064K [0x00000000e0000000, 0x00000000ffe00000, 0x0000000100000000)
  eden space 451584K, 0% used [0x00000000e0000000,0x00000000e0000000,0x00000000fb900000)
  from space 34304K, 14% used [0x00000000fdc80000,0x00000000fe1721c8,0x00000000ffe00000)
  to   space 35328K, 0% used [0x00000000fb900000,0x00000000fb900000,0x00000000fdb80000)
 ParOldGen       total 224256K, used 204836K [0x00000000a0000000, 0x00000000adb00000, 0x00000000e0000000)
  object space 224256K, 91% used [0x00000000a0000000,0x00000000ac8091f8,0x00000000adb00000)
 Metaspace       used 110974K, capacity 115294K, committed 115712K, reserved 1150976K
  class space    used 14161K, capacity 15016K, committed 15104K, reserved 1048576K
}
Event: 2909.132 GC heap before
{Heap before GC invocations=57 (full 5):
 PSYoungGen      total 485888K, used 5064K [0x00000000e0000000, 0x00000000ffe00000, 0x0000000100000000)
  eden space 451584K, 0% used [0x00000000e0000000,0x00000000e0000000,0x00000000fb900000)
  from space 34304K, 14% used [0x00000000fdc80000,0x00000000fe1721c8,0x00000000ffe00000)
  to   space 35328K, 0% used [0x00000000fb900000,0x00000000fb900000,0x00000000fdb80000)
 ParOldGen       total 224256K, used 204836K [0x00000000a0000000, 0x00000000adb00000, 0x00000000e0000000)
  object space 224256K, 91% used [0x00000000a0000000,0x00000000ac8091f8,0x00000000adb00000)
 Metaspace       used 110974K, capacity 115294K, committed 115712K, reserved 1150976K
  class space    used 14161K, capacity 15016K, committed 15104K, reserved 1048576K
Event: 2909.782 GC heap after
Heap after GC invocations=57 (full 5):
 PSYoungGen      total 485888K, used 0K [0x00000000e0000000, 0x00000000ffe00000, 0x0000000100000000)
  eden space 451584K, 0% used [0x00000000e0000000,0x00000000e0000000,0x00000000fb900000)
  from space 34304K, 0% used [0x00000000fdc80000,0x00000000fdc80000,0x00000000ffe00000)
  to   space 35328K, 0% used [0x00000000fb900000,0x00000000fb900000,0x00000000fdb80000)
 ParOldGen       total 314880K, used 134862K [0x00000000a0000000, 0x00000000b3380000, 0x00000000e0000000)
  object space 314880K, 42% used [0x00000000a0000000,0x00000000a83b3a08,0x00000000b3380000)
 Metaspace       used 110717K, capacity 114648K, committed 115712K, reserved 1150976K
  class space    used 14068K, capacity 14853K, committed 15104K, reserved 1048576K
}
Event: 2913.873 GC heap before
{Heap before GC invocations=58 (full 5):
 PSYoungGen      total 485888K, used 451584K [0x00000000e0000000, 0x00000000ffe00000, 0x0000000100000000)
  eden space 451584K, 100% used [0x00000000e0000000,0x00000000fb900000,0x00000000fb900000)
  from space 34304K, 0% used [0x00000000fdc80000,0x00000000fdc80000,0x00000000ffe00000)
  to   space 35328K, 0% used [0x00000000fb900000,0x00000000fb900000,0x00000000fdb80000)
 ParOldGen       total 314880K, used 134862K [0x00000000a0000000, 0x00000000b3380000, 0x00000000e0000000)
  object space 314880K, 42% used [0x00000000a0000000,0x00000000a83b3a08,0x00000000b3380000)
 Metaspace       used 110720K, capacity 114648K, committed 115712K, reserved 1150976K
  class space    used 14069K, capacity 14853K, committed 15104K, reserved 1048576K
Event: 2913.896 GC heap after
Heap after GC invocations=58 (full 5):
 PSYoungGen      total 486912K, used 5206K [0x00000000e0000000, 0x00000000fff00000, 0x0000000100000000)
  eden space 451584K, 0% used [0x00000000e0000000,0x00000000e0000000,0x00000000fb900000)
  from space 35328K, 14% used [0x00000000fb900000,0x00000000fbe15828,0x00000000fdb80000)
  to   space 34304K, 0% used [0x00000000fdd80000,0x00000000fdd80000,0x00000000fff00000)
 ParOldGen       total 314880K, used 134862K [0x00000000a0000000, 0x00000000b3380000, 0x00000000e0000000)
  object space 314880K, 42% used [0x00000000a0000000,0x00000000a83b3a08,0x00000000b3380000)
 Metaspace       used 110720K, capacity 114648K, committed 115712K, reserved 1150976K
  class space    used 14069K, capacity 14853K, committed 15104K, reserved 1048576K
}
Event: 2976.919 GC heap before
{Heap before GC invocations=59 (full 5):
 PSYoungGen      total 486912K, used 455558K [0x00000000e0000000, 0x00000000fff00000, 0x0000000100000000)
  eden space 451584K, 99% used [0x00000000e0000000,0x00000000fb7cc230,0x00000000fb900000)
  from space 35328K, 14% used [0x00000000fb900000,0x00000000fbe15828,0x00000000fdb80000)
  to   space 34304K, 0% used [0x00000000fdd80000,0x00000000fdd80000,0x00000000fff00000)
 ParOldGen       total 314880K, used 134862K [0x00000000a0000000, 0x00000000b3380000, 0x00000000e0000000)
  object space 314880K, 42% used [0x00000000a0000000,0x00000000a83b3a08,0x00000000b3380000)
 Metaspace       used 111789K, capacity 116004K, committed 116352K, reserved 1150976K
  class space    used 14192K, capacity 15072K, committed 15232K, reserved 1048576K
Event: 2976.958 GC heap after
Heap after GC invocations=59 (full 5):
 PSYoungGen      total 472576K, used 34279K [0x00000000e0000000, 0x0000000100000000, 0x0000000100000000)
  eden space 438272K, 0% used [0x00000000e0000000,0x00000000e0000000,0x00000000fac00000)
  from space 34304K, 99% used [0x00000000fdd80000,0x00000000ffef9e58,0x00000000fff00000)
  to   space 43008K, 0% used [0x00000000fac00000,0x00000000fac00000,0x00000000fd600000)
 ParOldGen       total 314880K, used 142495K [0x00000000a0000000, 0x00000000b3380000, 0x00000000e0000000)
  object space 314880K, 45% used [0x00000000a0000000,0x00000000a8b27e90,0x00000000b3380000)
 Metaspace       used 111789K, capacity 116004K, committed 116352K, reserved 1150976K
  class space    used 14192K, capacity 15072K, committed 15232K, reserved 1048576K
}

Deoptimization events (10 events):
Event: 2980.647 Thread 0x0000000029ac8800 Uncommon trap: reason=bimorphic action=maybe_recompile pc=0x000000000602e754 method=java.io.Writer.append(Ljava/lang/CharSequence;)Ljava/io/Writer; @ 20
Event: 3007.197 Thread 0x0000000029ac7000 Uncommon trap: reason=array_check action=maybe_recompile pc=0x000000000780d210 method=com.google.common.collect.RegularImmutableMap.fromEntryArray(I[Ljava/util/Map$Entry;)Lcom/google/common/collect/ImmutableMap; @ 157
Event: 3007.197 Thread 0x0000000029ac7000 Uncommon trap: reason=array_check action=maybe_recompile pc=0x000000000780d210 method=com.google.common.collect.RegularImmutableMap.fromEntryArray(I[Ljava/util/Map$Entry;)Lcom/google/common/collect/ImmutableMap; @ 157
Event: 3007.198 Thread 0x0000000029ac7000 Uncommon trap: reason=array_check action=maybe_recompile pc=0x000000000780d210 method=com.google.common.collect.RegularImmutableMap.fromEntryArray(I[Ljava/util/Map$Entry;)Lcom/google/common/collect/ImmutableMap; @ 157
Event: 3007.206 Thread 0x0000000029ac7000 Uncommon trap: reason=array_check action=maybe_recompile pc=0x000000000780d210 method=com.google.common.collect.RegularImmutableMap.fromEntryArray(I[Ljava/util/Map$Entry;)Lcom/google/common/collect/ImmutableMap; @ 157
Event: 3007.317 Thread 0x0000000029ac7000 Uncommon trap: reason=bimorphic action=maybe_recompile pc=0x0000000005d42888 method=com.google.common.collect.AbstractIndexedListIterator.next()Ljava/lang/Object; @ 27
Event: 3007.317 Thread 0x0000000029ac7000 Uncommon trap: reason=bimorphic action=maybe_recompile pc=0x0000000005d42888 method=com.google.common.collect.AbstractIndexedListIterator.next()Ljava/lang/Object; @ 27
Event: 3007.334 Thread 0x0000000029ac7000 Uncommon trap: reason=unstable_if action=reinterpret pc=0x0000000006204c80 method=com.android.builder.symbols.BytecodeRClassWriterKt.generateResourceTypeClass(Lcom/android/ide/common/symbols/SymbolTable;Lcom/android/resources/ResourceType;Z)[B @ 209
Event: 3007.506 Thread 0x000000001d1ac000 Uncommon trap: reason=unstable_if action=reinterpret pc=0x0000000006277da4 method=org.gradle.internal.operations.DefaultBuildOperationExecutor$1.execute(Lorg/gradle/internal/operations/BuildOperationDescriptor;Lorg/gradle/internal/operations/DefaultBuildO
Event: 3007.516 Thread 0x000000001d1ac000 Uncommon trap: reason=class_check action=maybe_recompile pc=0x0000000005e59550 method=com.google.common.collect.SortedIterables.hasSameComparator(Ljava/util/Comparator;Ljava/lang/Iterable;)Z @ 11

Classes redefined (0 events):
No events

Internal exceptions (10 events):
Event: 2973.348 Thread 0x00000000212fb000 Exception <a 'sun/nio/fs/WindowsException'> (0x00000000ef68a958) thrown at [C:\src\AOSP-openjdk-git\hotspot\src\share\vm\prims\jni.cpp, line 710]
Event: 2973.464 Thread 0x000000001d1ac000 Implicit null exception at 0x00000000033423d6 to 0x000000000334275d
Event: 2973.464 Thread 0x000000001d1ac000 Implicit null exception at 0x00000000032cf9d6 to 0x00000000032cfd55
Event: 2973.465 Thread 0x000000001d1ac000 Exception <a 'java/lang/NoSuchMethodError': java.lang.Object.lambda$codePoints$1()Ljava/util/Spliterator$OfInt;> (0x00000000efb0e930) thrown at [C:\src\AOSP-openjdk-git\hotspot\src\share\vm\interpreter\linkResolver.cpp, line 620]
Event: 2980.305 Thread 0x0000000029ac8800 Implicit null exception at 0x000000000764c339 to 0x000000000764c66d
Event: 3007.316 Thread 0x0000000029ac7000 Exception <a 'sun/nio/fs/WindowsException'> (0x00000000e8ce93c8) thrown at [C:\src\AOSP-openjdk-git\hotspot\src\share\vm\prims\jni.cpp, line 710]
Event: 3007.316 Thread 0x0000000029ac7000 Exception <a 'sun/nio/fs/WindowsException'> (0x00000000e8ce9be8) thrown at [C:\src\AOSP-openjdk-git\hotspot\src\share\vm\prims\jni.cpp, line 710]
Event: 3007.316 Thread 0x0000000029ac7000 Exception <a 'sun/nio/fs/WindowsException'> (0x00000000e8cea090) thrown at [C:\src\AOSP-openjdk-git\hotspot\src\share\vm\prims\jni.cpp, line 710]
Event: 3007.502 Thread 0x0000000029ac7000 Exception <a 'java/lang/OutOfMemoryError'> (0x00000000ea702070) thrown at [C:\src\AOSP-openjdk-git\hotspot\src\share\vm\prims\jni.cpp, line 737]
Event: 3007.506 Thread 0x000000001d1ac000 Exception <a 'java/lang/reflect/InvocationTargetException'> (0x00000000e664f230) thrown at [C:\src\AOSP-openjdk-git\hotspot\src\share\vm\runtime\reflection.cpp, line 1092]

Events (10 events):
Event: 3007.506 Thread 0x000000001d1ac000 Uncommon trap: trap_request=0xffffff65 fr.pc=0x0000000006277da4
Event: 3007.506 Thread 0x000000001d1ac000 DEOPT PACKING pc=0x0000000006277da4 sp=0x000000001bf8a370
Event: 3007.506 Thread 0x000000001d1ac000 DEOPT UNPACKING pc=0x00000000030d557b sp=0x000000001bf8a278 mode 2
Event: 3007.507 Thread 0x0000000016a54000 flushing nmethod 0x0000000003ef2490
Event: 3007.508 Thread 0x0000000016a54000 flushing nmethod 0x0000000003fabb10
Event: 3007.516 Thread 0x000000001d1ac000 Uncommon trap: trap_request=0xffffffde fr.pc=0x0000000005e59550
Event: 3007.516 Thread 0x000000001d1ac000 DEOPT PACKING pc=0x0000000005e59550 sp=0x000000001bf8ad80
Event: 3007.516 Thread 0x000000001d1ac000 DEOPT UNPACKING pc=0x00000000030d557b sp=0x000000001bf8ad30 mode 2
Event: 3007.516 loading class org/gradle/internal/execution/history/changes/ChangeDetectorVisitor
Event: 3007.516 loading class org/gradle/internal/execution/history/changes/ChangeDetectorVisitor done


Dynamic libraries:
0x00007ff7d6b70000 - 0x00007ff7d6ba1000 	C:\Program Files\Android\Android Studio\jre\bin\java.exe
0x00007fffb6ca0000 - 0x00007fffb6e90000 	C:\WINDOWS\SYSTEM32\ntdll.dll
0x00007fffb5970000 - 0x00007fffb5a22000 	C:\WINDOWS\System32\KERNEL32.DLL
0x00007fffb3cd0000 - 0x00007fffb3f74000 	C:\WINDOWS\System32\KERNELBASE.dll
0x00007fffb50f0000 - 0x00007fffb5193000 	C:\WINDOWS\System32\ADVAPI32.dll
0x00007fffb6a20000 - 0x00007fffb6abe000 	C:\WINDOWS\System32\msvcrt.dll
0x00007fffb6130000 - 0x00007fffb61c7000 	C:\WINDOWS\System32\sechost.dll
0x00007fffb6390000 - 0x00007fffb64b0000 	C:\WINDOWS\System32\RPCRT4.dll
0x00007fffb5ce0000 - 0x00007fffb5e74000 	C:\WINDOWS\System32\USER32.dll
0x00007fffb3fd0000 - 0x00007fffb3ff1000 	C:\WINDOWS\System32\win32u.dll
0x00007fffb6990000 - 0x00007fffb69b6000 	C:\WINDOWS\System32\GDI32.dll
0x00007fffb49b0000 - 0x00007fffb4b45000 	C:\WINDOWS\System32\gdi32full.dll
0x00007fffb3c30000 - 0x00007fffb3cce000 	C:\WINDOWS\System32\msvcp_win.dll
0x00007fffb48b0000 - 0x00007fffb49aa000 	C:\WINDOWS\System32\ucrtbase.dll
0x00007fff9a140000 - 0x00007fff9a3c4000 	C:\WINDOWS\WinSxS\amd64_microsoft.windows.common-controls_6595b64144ccf1df_6.0.18362.900_none_e6beb9d913147d17\COMCTL32.dll
0x00007fffb4db0000 - 0x00007fffb50e5000 	C:\WINDOWS\System32\combase.dll
0x00007fffb47b0000 - 0x00007fffb4830000 	C:\WINDOWS\System32\bcryptPrimitives.dll
0x00007fffb51a0000 - 0x00007fffb51ce000 	C:\WINDOWS\System32\IMM32.DLL
0x00000000628b0000 - 0x0000000062982000 	C:\Program Files\Android\Android Studio\jre\jre\bin\msvcr100.dll
0x0000000063400000 - 0x0000000063c4b000 	C:\Program Files\Android\Android Studio\jre\jre\bin\server\jvm.dll
0x00007fffb5c00000 - 0x00007fffb5c08000 	C:\WINDOWS\System32\PSAPI.DLL
0x00007fff9fd40000 - 0x00007fff9fd64000 	C:\WINDOWS\SYSTEM32\WINMM.dll
0x00007fffaf920000 - 0x00007fffaf929000 	C:\WINDOWS\SYSTEM32\WSOCK32.dll
0x00007fffab5f0000 - 0x00007fffab5fa000 	C:\WINDOWS\SYSTEM32\VERSION.dll
0x00007fffb5e80000 - 0x00007fffb5eef000 	C:\WINDOWS\System32\WS2_32.dll
0x00007fff9fd10000 - 0x00007fff9fd3d000 	C:\WINDOWS\SYSTEM32\WINMMBASE.dll
0x00007fffb3f80000 - 0x00007fffb3fca000 	C:\WINDOWS\System32\cfgmgr32.dll
0x00007fffaf910000 - 0x00007fffaf91f000 	C:\Program Files\Android\Android Studio\jre\jre\bin\verify.dll
0x00007fff9f870000 - 0x00007fff9f899000 	C:\Program Files\Android\Android Studio\jre\jre\bin\java.dll
0x00007fffadde0000 - 0x00007fffaddf6000 	C:\Program Files\Android\Android Studio\jre\jre\bin\zip.dll
0x00007fffb51d0000 - 0x00007fffb58b6000 	C:\WINDOWS\System32\SHELL32.dll
0x00007fffb58c0000 - 0x00007fffb5969000 	C:\WINDOWS\System32\shcore.dll
0x00007fffb4000000 - 0x00007fffb4780000 	C:\WINDOWS\System32\windows.storage.dll
0x00007fffb3b70000 - 0x00007fffb3b93000 	C:\WINDOWS\System32\profapi.dll
0x00007fffb3ba0000 - 0x00007fffb3bea000 	C:\WINDOWS\System32\powrprof.dll
0x00007fffb3b60000 - 0x00007fffb3b70000 	C:\WINDOWS\System32\UMPDC.dll
0x00007fffb6ad0000 - 0x00007fffb6b22000 	C:\WINDOWS\System32\shlwapi.dll
0x00007fffb3bf0000 - 0x00007fffb3c01000 	C:\WINDOWS\System32\kernel.appcore.dll
0x00007fffb4890000 - 0x00007fffb48a7000 	C:\WINDOWS\System32\cryptsp.dll
0x00007fffab950000 - 0x00007fffab96a000 	C:\Program Files\Android\Android Studio\jre\jre\bin\net.dll
0x00007fffb3370000 - 0x00007fffb33d7000 	C:\WINDOWS\system32\mswsock.dll
0x00007fffa78f0000 - 0x00007fffa7903000 	C:\Program Files\Android\Android Studio\jre\jre\bin\nio.dll
0x00007fff9b1b0000 - 0x00007fff9b1d6000 	C:\Users\User\.gradle\native\30\windows-amd64\native-platform.dll
0x00007fffaf7c0000 - 0x00007fffaf7cd000 	C:\Program Files\Android\Android Studio\jre\jre\bin\management.dll
0x00007fffb2ee0000 - 0x00007fffb2f13000 	C:\WINDOWS\system32\rsaenh.dll
0x00007fffb4780000 - 0x00007fffb47a6000 	C:\WINDOWS\System32\bcrypt.dll
0x00007fffb3a80000 - 0x00007fffb3aa5000 	C:\WINDOWS\SYSTEM32\USERENV.dll
0x00007fffb3540000 - 0x00007fffb354c000 	C:\WINDOWS\SYSTEM32\CRYPTBASE.dll
0x00007fffb3080000 - 0x00007fffb30ba000 	C:\WINDOWS\SYSTEM32\IPHLPAPI.DLL
0x00007fffb6ac0000 - 0x00007fffb6ac8000 	C:\WINDOWS\System32\NSI.dll
0x00007fffae460000 - 0x00007fffae476000 	C:\WINDOWS\SYSTEM32\dhcpcsvc6.DLL
0x00007fffae660000 - 0x00007fffae67c000 	C:\WINDOWS\SYSTEM32\dhcpcsvc.DLL
0x00007fffb30c0000 - 0x00007fffb318b000 	C:\WINDOWS\SYSTEM32\DNSAPI.dll
0x00007fff9f840000 - 0x00007fff9f864000 	C:\Program Files\Android\Android Studio\jre\jre\bin\sunec.dll
0x00007fffad100000 - 0x00007fffad10a000 	C:\Windows\System32\rasadhlp.dll
0x00007fffad590000 - 0x00007fffad607000 	C:\WINDOWS\System32\fwpuclnt.dll
0x00007fffaf620000 - 0x00007fffaf62b000 	C:\Program Files\Android\Android Studio\jre\jre\bin\sunmscapi.dll
0x00007fffb4b50000 - 0x00007fffb4c99000 	C:\WINDOWS\System32\CRYPT32.dll
0x00007fffb3c10000 - 0x00007fffb3c22000 	C:\WINDOWS\System32\MSASN1.dll
0x00007fffb2bc0000 - 0x00007fffb2bf1000 	C:\WINDOWS\SYSTEM32\ntmarta.dll
0x00007fff8f600000 - 0x00007fff8f79c000 	C:\Program Files\Android\Android Studio\jre\jre\bin\awt.dll
0x00007fffb5c10000 - 0x00007fffb5cd5000 	C:\WINDOWS\System32\OLEAUT32.dll
0x00007fffb2410000 - 0x00007fffb243d000 	C:\WINDOWS\SYSTEM32\dwmapi.dll
0x00007fffb0a00000 - 0x00007fffb0fc0000 	C:\WINDOWS\SYSTEM32\d2d1.dll
0x00007fffb1e20000 - 0x00007fffb1eaf000 	C:\WINDOWS\SYSTEM32\apphelp.dll
0x00007fffb2160000 - 0x00007fffb21f9000 	C:\WINDOWS\system32\uxtheme.dll
0x00007fff985b0000 - 0x00007fff985ce000 	C:\Users\User\AppData\Local\Temp\native-platform5096994376581651538dir\native-platform.dll

VM Arguments:
jvm_args: -Xmx1536m -Dfile.encoding=windows-1251 -Duser.country=RU -Duser.language=ru -Duser.variant 
java_command: org.gradle.launcher.daemon.bootstrap.GradleDaemon 5.6.4
java_class_path (initial): C:\Users\User\.gradle\wrapper\dists\gradle-5.6.4-all\ankdp27end7byghfw1q2sw75f\gradle-5.6.4\lib\gradle-launcher-5.6.4.jar
Launcher Type: SUN_STANDARD

Environment Variables:
PATH=C:\Program Files (x86)\Common Files\Oracle\Java\javapath;C:\WINDOWS\system32;C:\WINDOWS;C:\WINDOWS\System32\Wbem;C:\WINDOWS\System32\WindowsPowerShell\v1.0\;C:\WINDOWS\System32\OpenSSH\;C:\Program Files\Git\cmd;C:\Users\User\AppData\Local\Microsoft\WindowsApps;C:\Users\User\AppData\Local\GitHubDesktop\bin;C:\flutter_windows_v1.12.13+hotfix.9-stable\flutter\bin;
USERNAME=User
OS=Windows_NT
PROCESSOR_IDENTIFIER=Intel64 Family 6 Model 42 Stepping 7, GenuineIntel



---------------  S Y S T E M  ---------------

OS: Windows 10.0 , 64 bit Build 18362 (10.0.18362.900)

CPU:total 4 (initial active 4) (4 cores per cpu, 1 threads per core) family 6 model 42 stepping 7, cmov, cx8, fxsr, mmx, sse, sse2, sse3, ssse3, sse4.1, sse4.2, popcnt, avx, aes, clmul, tsc, tscinvbit

Memory: 4k page, physical 8297728k(527220k free), swap 10362112k(5084k free)

vm_info: OpenJDK 64-Bit Server VM (25.242-b01) for windows-amd64 JRE (1.8.0_242-release-1644-b01), built by "builder" with MS VC++ 10.0 (VS2010)

time: Fri Jun 26 10:40:27 2020
timezone: RTZ 2 (зима)
elapsed time: 3007 seconds (0d 0h 50m 7s)

